<?xml version="1.0" encoding="UTF-8"?>
<testsuite name="Test"
           tests="2"
           failures="0"
           errors="0"
           skipped="0"
           time="28.884">
  <properties />
  
  
            <testcase name="verifyProductAddedToShoppingCartSuccessFully" time="23.636" classname="com.nopcommerce.demo.testsuite.ComputerTest" />
                <testcase name="verifyProductArrangeInAlphaBaticalOrder" time="5.248" classname="com.nopcommerce.demo.testsuite.ComputerTest" />
      
</testsuite>
